2020-12-20 14:48:16.5763 DEBUGEntered into the Login Controller.
2020-12-20 14:48:21.7036 DEBUGdoLogin method has been executed.
2020-12-20 14:48:21.7036 DEBUGdoLogin ModelState is valid.
2020-12-20 14:48:22.4479 DEBUGdoLogin has returned a successful response.
2020-12-20 15:02:18.4330 DEBUGEntered into the Login Controller.
2020-12-20 15:02:21.9487 DEBUGEntered into the Login Controller.
2020-12-20 15:02:24.6488 DEBUGdoLogin method has been executed.
2020-12-20 18:50:31.1232 DEBUGEntered into the RegisterController
2020-12-20 18:50:58.4865 DEBUGSuccessfully registered user with Register()
2020-12-20 18:51:01.9667 DEBUGEntered into the Login Controller.
2020-12-20 18:51:07.5121 DEBUGdoLogin method has been executed.
2020-12-20 18:51:07.5121 DEBUGdoLogin ModelState is valid.
2020-12-20 18:51:07.5121 DEBUGdoLogin has returned a successful response.
2020-12-20 18:51:09.5411 DEBUGEntered into the GameController
2020-12-20 18:51:09.5764 DEBUGGameController returned the Game view Successful
2020-12-20 18:51:10.9715 DEBUGactivateCell() method fired successful
2020-12-20 18:51:11.4977 DEBUGactivateCell() method fired successful
2020-12-20 18:51:13.6837 DEBUGGame has been reset from the GameController
2020-12-20 18:51:13.6837 DEBUGEntered into the GameController
2020-12-20 18:51:13.7146 DEBUGGameController returned the Game view Successful
2020-12-20 18:51:14.7831 DEBUGactivateCell() method fired successful
2020-12-20 18:51:15.2877 DEBUGactivateCell() method fired successful
2020-12-20 18:51:15.8061 DEBUGactivateCell() method fired successful
2020-12-20 18:51:16.3117 DEBUGactivateCell() method fired successful
2020-12-20 18:51:18.1688 DEBUGGame has been published with publishGrid()
2020-12-20 18:51:18.1688 DEBUGEntered into the GameController
2020-12-20 18:51:18.1688 DEBUGGameController returned the Game view Successful
2020-12-20 18:51:20.4225 DEBUGHighscoreController Entered.
2020-12-20 18:51:20.4225 DEBUGReturned list of Highscores for HighscoreController
2020-12-20 18:51:26.7820 DEBUGEntered into the GameController
2020-12-20 18:51:26.7820 DEBUGGameController returned the Game view Successful
2020-12-20 18:51:28.0921 DEBUGGame has been reset from the GameController
2020-12-20 18:51:28.0921 DEBUGEntered into the GameController
2020-12-20 18:51:28.1171 DEBUGGameController returned the Game view Successful
